#
# There is insufficient memory for the Java Runtime Environment to continue.
# Native memory allocation (malloc) failed to allocate 2097152 bytes for AllocateHeap
# Possible reasons:
#   The system is out of physical RAM or swap space
#   The process is running with CompressedOops enabled, and the Java Heap may be blocking the growth of the native heap
# Possible solutions:
#   Reduce memory load on the system
#   Increase physical memory or swap space
#   Check if swap backing store is full
#   Decrease Java heap size (-Xmx/-Xms)
#   Decrease number of Java threads
#   Decrease Java thread stack sizes (-Xss)
#   Set larger code cache with -XX:ReservedCodeCacheSize=
#   JVM is running with Unscaled Compressed Oops mode in which the Java heap is
#     placed in the first 4GB address space. The Java Heap base address is the
#     maximum limit for the native heap growth. Please use -XX:HeapBaseMinAddress
#     to set the Java Heap base and to place the Java Heap above 4GB virtual address.
# This output file may be truncated or incomplete.
#
#  Out of Memory Error (allocation.cpp:44), pid=22668, tid=9280
#
# JRE version: OpenJDK Runtime Environment Temurin-17.0.8.1+1 (17.0.8.1+1) (build 17.0.8.1+1)
# Java VM: OpenJDK 64-Bit Server VM Temurin-17.0.8.1+1 (17.0.8.1+1, mixed mode, emulated-client, tiered, compressed oops, compressed class ptrs, g1 gc, windows-amd64)
# No core dump will be written. Minidumps are not enabled by default on client versions of Windows
#

---------------  S U M M A R Y ------------

Command Line: -XX:+HeapDumpOnOutOfMemoryError -Xmx1024m -Dsts.lsp.client=vscode -Dsts.log.file=/dev/null -XX:TieredStopAtLevel=1 -Xlog:jni+resolve=off -Dspring.config.location=file:c:\Users\USUARIO\.vscode\extensions\vmware.vscode-spring-boot-1.49.0\language-server\BOOT-INF\classes\application.properties org.springframework.ide.vscode.boot.app.BootLanguageServerBootApp

Host: AMD Ryzen 7 4800H with Radeon Graphics         , 16 cores, 31G,  Windows 11 , 64 bit Build 22621 (10.0.22621.2215)
Time: Wed Sep 27 03:20:28 2023 SA Pacific Standard Time elapsed time: 68132.048718 seconds (0d 18h 55m 32s)

---------------  T H R E A D  ---------------

Current thread (0x000002885401ab80):  VMThread "VM Thread" [stack: 0x000000e92d200000,0x000000e92d300000] [id=9280]

Stack: [0x000000e92d200000,0x000000e92d300000]
Native frames: (J=compiled Java code, j=interpreted, Vv=VM code, C=native code)
V  [jvm.dll+0x678b0a]
V  [jvm.dll+0x835e84]
V  [jvm.dll+0x83762e]
V  [jvm.dll+0x837c93]
V  [jvm.dll+0x24746f]
V  [jvm.dll+0xa697b]
V  [jvm.dll+0x2f7f41]
V  [jvm.dll+0x2f3b80]
V  [jvm.dll+0x2dc1c7]
V  [jvm.dll+0x31f227]
V  [jvm.dll+0x83c15b]
V  [jvm.dll+0x83ce94]
V  [jvm.dll+0x83d3ac]
V  [jvm.dll+0x83d784]
V  [jvm.dll+0x83d850]
V  [jvm.dll+0x7e64ca]
V  [jvm.dll+0x677955]
C  [ucrtbase.dll+0x29363]
C  [KERNEL32.DLL+0x1257d]
C  [ntdll.dll+0x5aa68]

VM_Operation (0x000000e92f4fec40): G1CollectFull, mode: safepoint, requested by thread 0x0000028859bf2ca0


---------------  P R O C E S S  ---------------

Threads class SMR info:
_java_thread_list=0x000002885ad2fb50, length=35, elements={
0x0000028854034390, 0x00000288540358c0, 0x000002885405aa30, 0x000002885405b7c0,
0x00000288540610c0, 0x0000028854061990, 0x0000028854062310, 0x0000028854074010,
0x0000028854278040, 0x0000028854281260, 0x0000028859bdd730, 0x0000028859bf2ca0,
0x0000028859c420c0, 0x000002884650e9d0, 0x0000028859c74eb0, 0x0000028859cd2820,
0x0000028859ce6300, 0x0000028859ce58e0, 0x0000028859ce5df0, 0x0000028859ce6810,
0x0000028859ce3f90, 0x0000028859ce3570, 0x0000028859ce3a80, 0x0000028859ce44a0,
0x0000028859ce49b0, 0x0000028859ce4ec0, 0x0000028859ce53d0, 0x0000028859d2f8c0,
0x0000028859d36d30, 0x0000028859d32650, 0x0000028859d307f0, 0x0000028859d33070,
0x0000028859d353e0, 0x0000028859d32b60, 0x0000028859d2fdd0
}

Java Threads: ( => current thread )
  0x0000028854034390 JavaThread "Reference Handler" daemon [_thread_blocked, id=6516, stack(0x000000e92d300000,0x000000e92d400000)]
  0x00000288540358c0 JavaThread "Finalizer" daemon [_thread_blocked, id=8756, stack(0x000000e92d400000,0x000000e92d500000)]
  0x000002885405aa30 JavaThread "Signal Dispatcher" daemon [_thread_blocked, id=6228, stack(0x000000e92d500000,0x000000e92d600000)]
  0x000002885405b7c0 JavaThread "Attach Listener" daemon [_thread_blocked, id=13484, stack(0x000000e92d600000,0x000000e92d700000)]
  0x00000288540610c0 JavaThread "Service Thread" daemon [_thread_blocked, id=5316, stack(0x000000e92d700000,0x000000e92d800000)]
  0x0000028854061990 JavaThread "Monitor Deflation Thread" daemon [_thread_blocked, id=5684, stack(0x000000e92d800000,0x000000e92d900000)]
  0x0000028854062310 JavaThread "C1 CompilerThread0" daemon [_thread_blocked, id=18372, stack(0x000000e92d900000,0x000000e92da00000)]
  0x0000028854074010 JavaThread "Sweeper thread" daemon [_thread_blocked, id=27568, stack(0x000000e92da00000,0x000000e92db00000)]
  0x0000028854278040 JavaThread "Notification Thread" daemon [_thread_blocked, id=28100, stack(0x000000e92de00000,0x000000e92df00000)]
  0x0000028854281260 JavaThread "Common-Cleaner" daemon [_thread_blocked, id=29320, stack(0x000000e92e000000,0x000000e92e100000)]
  0x0000028859bdd730 JavaThread "boundedElastic-evictor-1" daemon [_thread_blocked, id=28656, stack(0x000000e92f300000,0x000000e92f400000)]
  0x0000028859bf2ca0 JavaThread "pool-11-thread-1" [_thread_blocked, id=2960, stack(0x000000e92f400000,0x000000e92f500000)]
  0x0000028859c420c0 JavaThread "LanguageServerApp-lifecycle" [_thread_blocked, id=3604, stack(0x000000e92f500000,0x000000e92f600000)]
  0x000002884650e9d0 JavaThread "DestroyJavaVM" [_thread_blocked, id=28036, stack(0x000000e92cc00000,0x000000e92cd00000)]
  0x0000028859c74eb0 JavaThread "pool-12-thread-1" [_thread_in_native, id=25984, stack(0x000000e92f600000,0x000000e92f700000)]
  0x0000028859cd2820 JavaThread "Simple-Language-Server main thread" daemon [_thread_blocked, id=5072, stack(0x000000e92f700000,0x000000e92f800000)]
  0x0000028859ce6300 JavaThread "pool-7-thread-1" [_thread_blocked, id=26988, stack(0x000000e92fa00000,0x000000e92fb00000)]
  0x0000028859ce58e0 JavaThread "parallel-1" daemon [_thread_blocked, id=2464, stack(0x000000e92fb00000,0x000000e92fc00000)]
  0x0000028859ce5df0 JavaThread "parallel-2" daemon [_thread_blocked, id=1424, stack(0x000000e92fc00000,0x000000e92fd00000)]
  0x0000028859ce6810 JavaThread "parallel-3" daemon [_thread_blocked, id=2708, stack(0x000000e92fd00000,0x000000e92fe00000)]
  0x0000028859ce3f90 JavaThread "parallel-4" daemon [_thread_blocked, id=29624, stack(0x000000e92fe00000,0x000000e92ff00000)]
  0x0000028859ce3570 JavaThread "parallel-5" daemon [_thread_blocked, id=29344, stack(0x000000e92ff00000,0x000000e930000000)]
  0x0000028859ce3a80 JavaThread "parallel-6" daemon [_thread_blocked, id=27780, stack(0x000000e930000000,0x000000e930100000)]
  0x0000028859ce44a0 JavaThread "parallel-7" daemon [_thread_blocked, id=26732, stack(0x000000e930100000,0x000000e930200000)]
  0x0000028859ce49b0 JavaThread "parallel-8" daemon [_thread_blocked, id=5240, stack(0x000000e930200000,0x000000e930300000)]
  0x0000028859ce4ec0 JavaThread "pool-5-thread-1" [_thread_blocked, id=5852, stack(0x000000e930300000,0x000000e930400000)]
  0x0000028859ce53d0 JavaThread "parallel-9" daemon [_thread_blocked, id=24976, stack(0x000000e930400000,0x000000e930500000)]
  0x0000028859d2f8c0 JavaThread "parallel-10" daemon [_thread_blocked, id=2880, stack(0x000000e930500000,0x000000e930600000)]
  0x0000028859d36d30 JavaThread "parallel-11" daemon [_thread_blocked, id=5224, stack(0x000000e930600000,0x000000e930700000)]
  0x0000028859d32650 JavaThread "parallel-12" daemon [_thread_blocked, id=29324, stack(0x000000e930700000,0x000000e930800000)]
  0x0000028859d307f0 JavaThread "parallel-13" daemon [_thread_blocked, id=18980, stack(0x000000e930800000,0x000000e930900000)]
  0x0000028859d33070 JavaThread "parallel-14" daemon [_thread_blocked, id=26964, stack(0x000000e930900000,0x000000e930a00000)]
  0x0000028859d353e0 JavaThread "parallel-15" daemon [_thread_blocked, id=8680, stack(0x000000e930a00000,0x000000e930b00000)]
  0x0000028859d32b60 JavaThread "parallel-16" daemon [_thread_blocked, id=1928, stack(0x000000e930b00000,0x000000e930c00000)]
  0x0000028859d2fdd0 JavaThread "Reconciler-1" daemon [_thread_blocked, id=2564, stack(0x000000e930f00000,0x000000e931000000)]

Other Threads:
=>0x000002885401ab80 VMThread "VM Thread" [stack: 0x000000e92d200000,0x000000e92d300000] [id=9280]
  0x0000028854278930 WatcherThread [stack: 0x000000e92df00000,0x000000e92e000000] [id=7796]
  0x0000028848684050 GCTaskThread "GC Thread#0" [stack: 0x000000e92cd00000,0x000000e92ce00000] [id=7372]
  0x00000288590edee0 GCTaskThread "GC Thread#1" [stack: 0x000000e92e100000,0x000000e92e200000] [id=18928]
  0x0000028859127ae0 GCTaskThread "GC Thread#2" [stack: 0x000000e92e200000,0x000000e92e300000] [id=19768]
  0x0000028859127da0 GCTaskThread "GC Thread#3" [stack: 0x000000e92e300000,0x000000e92e400000] [id=10952]
  0x0000028859158e80 GCTaskThread "GC Thread#4" [stack: 0x000000e92e400000,0x000000e92e500000] [id=11280]
  0x0000028859159140 GCTaskThread "GC Thread#5" [stack: 0x000000e92e500000,0x000000e92e600000] [id=18712]
  0x0000028859159400 GCTaskThread "GC Thread#6" [stack: 0x000000e92e600000,0x000000e92e700000] [id=4188]
  0x0000028859159ed0 GCTaskThread "GC Thread#7" [stack: 0x000000e92e700000,0x000000e92e800000] [id=10124]
  0x000002885917e350 GCTaskThread "GC Thread#8" [stack: 0x000000e92e800000,0x000000e92e900000] [id=13824]
  0x000002885917e610 GCTaskThread "GC Thread#9" [stack: 0x000000e92e900000,0x000000e92ea00000] [id=13288]
  0x000002885917e090 GCTaskThread "GC Thread#10" [stack: 0x000000e92ea00000,0x000000e92eb00000] [id=13756]
  0x000002885917eb90 GCTaskThread "GC Thread#11" [stack: 0x000000e92eb00000,0x000000e92ec00000] [id=13760]
  0x000002885917f110 GCTaskThread "GC Thread#12" [stack: 0x000000e92ec00000,0x000000e92ed00000] [id=13340]
  0x000002884868ceb0 ConcurrentGCThread "G1 Main Marker" [stack: 0x000000e92ce00000,0x000000e92cf00000] [id=9516]
  0x000002884868d7d0 ConcurrentGCThread "G1 Conc#0" [stack: 0x000000e92cf00000,0x000000e92d000000] [id=9252]
  0x000002885917ee50 ConcurrentGCThread "G1 Conc#1" [stack: 0x000000e92f100000,0x000000e92f200000] [id=29492]
  0x000002885917e8d0 ConcurrentGCThread "G1 Conc#2" [stack: 0x000000e92f200000,0x000000e92f300000] [id=14436]
  0x00000288486eecc0 ConcurrentGCThread "G1 Refine#0" [stack: 0x000000e92d000000,0x000000e92d100000] [id=9584]
  0x0000028853e87100 ConcurrentGCThread "G1 Service" [stack: 0x000000e92d100000,0x000000e92d200000] [id=13996]

Threads with active compile tasks:

VM state: at safepoint (normal execution)

VM Mutex/Monitor currently owned by a thread:  ([mutex/lock_event])
[0x0000028846453400] Threads_lock - owner thread: 0x000002885401ab80
[0x000002884650de50] Heap_lock - owner thread: 0x0000028859bf2ca0

Heap address: 0x00000000c0000000, size: 1024 MB, Compressed Oops mode: 32-bit

CDS archive(s) not mapped
Compressed class space mapped at: 0x0000000100000000-0x0000000140000000, reserved size: 1073741824
Narrow klass base: 0x0000000000000000, Narrow klass shift: 3, Narrow klass range: 0x140000000

GC Precious Log:
 CPUs: 16 total, 16 available
 Memory: 32115M
 Large Page Support: Disabled
 NUMA Support: Disabled
 Compressed Oops: Enabled (32-bit)
 Heap Region Size: 1M
 Heap Min Capacity: 8M
 Heap Initial Capacity: 502M
 Heap Max Capacity: 1G
 Pre-touch: Disabled
 Parallel Workers: 13
 Concurrent Workers: 3
 Concurrent Refinement Workers: 13
 Periodic GC: Disabled

Heap:
 garbage-first heap   total 86016K, used 33249K [0x00000000c0000000, 0x0000000100000000)
  region size 1024K, 1 young (1024K), 0 survivors (0K)
 Metaspace       used 56918K, committed 57408K, reserved 1114112K
  class space    used 7294K, committed 7552K, reserved 1048576K

Heap Regions: E=young(eden), S=young(survivor), O=old, HS=humongous(starts), HC=humongous(continues), CS=collection set, F=free, OA=open archive, CA=closed archive, TAMS=top-at-mark-start (previous, next)
|   0|0x00000000c0000000, 0x00000000c00ffff0, 0x00000000c0100000| 99%| O|  |TAMS 0x00000000c00ffff0, 0x00000000c0000000| Untracked 
|   1|0x00000000c0100000, 0x00000000c0200000, 0x00000000c0200000|100%| O|  |TAMS 0x00000000c0200000, 0x00000000c0100000| Untracked 
|   2|0x00000000c0200000, 0x00000000c0300000, 0x00000000c0300000|100%| O|  |TAMS 0x00000000c0300000, 0x00000000c0200000| Untracked 
|   3|0x00000000c0300000, 0x00000000c0400000, 0x00000000c0400000|100%| O|  |TAMS 0x00000000c0400000, 0x00000000c0300000| Untracked 
|   4|0x00000000c0400000, 0x00000000c04fffb0, 0x00000000c0500000| 99%| O|  |TAMS 0x00000000c04fffb0, 0x00000000c0400000| Untracked 
|   5|0x00000000c0500000, 0x00000000c05ffff8, 0x00000000c0600000| 99%| O|  |TAMS 0x00000000c05ffff8, 0x00000000c0500000| Untracked 
|   6|0x00000000c0600000, 0x00000000c06ffff0, 0x00000000c0700000| 99%| O|  |TAMS 0x00000000c06ffff0, 0x00000000c0600000| Untracked 
|   7|0x00000000c0700000, 0x00000000c0800000, 0x00000000c0800000|100%| O|  |TAMS 0x00000000c0800000, 0x00000000c0700000| Untracked 
|   8|0x00000000c0800000, 0x00000000c0900000, 0x00000000c0900000|100%| O|  |TAMS 0x00000000c0900000, 0x00000000c0800000| Untracked 
|   9|0x00000000c0900000, 0x00000000c09ffff0, 0x00000000c0a00000| 99%| O|  |TAMS 0x00000000c09ffff0, 0x00000000c0900000| Untracked 
|  10|0x00000000c0a00000, 0x00000000c0b00000, 0x00000000c0b00000|100%| O|  |TAMS 0x00000000c0b00000, 0x00000000c0a00000| Untracked 
|  11|0x00000000c0b00000, 0x00000000c0bffff8, 0x00000000c0c00000| 99%| O|  |TAMS 0x00000000c0bffff8, 0x00000000c0b00000| Untracked 
|  12|0x00000000c0c00000, 0x00000000c0d00000, 0x00000000c0d00000|100%| O|  |TAMS 0x00000000c0d00000, 0x00000000c0c00000| Untracked 
|  13|0x00000000c0d00000, 0x00000000c0dffff8, 0x00000000c0e00000| 99%| O|  |TAMS 0x00000000c0dffff8, 0x00000000c0d00000| Untracked 
|  14|0x00000000c0e00000, 0x00000000c0efff90, 0x00000000c0f00000| 99%| O|  |TAMS 0x00000000c0efff90, 0x00000000c0e00000| Untracked 
|  15|0x00000000c0f00000, 0x00000000c1000000, 0x00000000c1000000|100%| O|  |TAMS 0x00000000c1000000, 0x00000000c0f00000| Untracked 
|  16|0x00000000c1000000, 0x00000000c10fffc8, 0x00000000c1100000| 99%| O|  |TAMS 0x00000000c10fffc8, 0x00000000c1000000| Untracked 
|  17|0x00000000c1100000, 0x00000000c1200000, 0x00000000c1200000|100%| O|  |TAMS 0x00000000c1200000, 0x00000000c1100000| Untracked 
|  18|0x00000000c1200000, 0x00000000c12fffc0, 0x00000000c1300000| 99%| O|  |TAMS 0x00000000c12fffc0, 0x00000000c1200000| Untracked 
|  19|0x00000000c1300000, 0x00000000c13fffe0, 0x00000000c1400000| 99%| O|  |TAMS 0x00000000c13fffe0, 0x00000000c1300000| Untracked 
|  20|0x00000000c1400000, 0x00000000c1500000, 0x00000000c1500000|100%| O|  |TAMS 0x00000000c1500000, 0x00000000c1400000| Untracked 
|  21|0x00000000c1500000, 0x00000000c15fece8, 0x00000000c1600000| 99%| O|  |TAMS 0x00000000c15fece8, 0x00000000c1500000| Untracked 
|  22|0x00000000c1600000, 0x00000000c1700000, 0x00000000c1700000|100%| O|  |TAMS 0x00000000c1700000, 0x00000000c1600000| Untracked 
|  23|0x00000000c1700000, 0x00000000c17ffb50, 0x00000000c1800000| 99%| O|  |TAMS 0x00000000c17ffb50, 0x00000000c1700000| Untracked 
|  24|0x00000000c1800000, 0x00000000c18fffc8, 0x00000000c1900000| 99%| O|  |TAMS 0x00000000c18fffc8, 0x00000000c1800000| Untracked 
|  25|0x00000000c1900000, 0x00000000c19fffe8, 0x00000000c1a00000| 99%| O|  |TAMS 0x00000000c19fffe8, 0x00000000c1900000| Untracked 
|  26|0x00000000c1a00000, 0x00000000c1b00000, 0x00000000c1b00000|100%|HS|  |TAMS 0x00000000c1b00000, 0x00000000c1a00000| Untracked 
|  27|0x00000000c1b00000, 0x00000000c1c00000, 0x00000000c1c00000|100%| O|  |TAMS 0x00000000c1c00000, 0x00000000c1b00000| Untracked 
|  28|0x00000000c1c00000, 0x00000000c1d00000, 0x00000000c1d00000|100%| O|  |TAMS 0x00000000c1d00000, 0x00000000c1c00000| Untracked 
|  29|0x00000000c1d00000, 0x00000000c1e00000, 0x00000000c1e00000|100%| O|  |TAMS 0x00000000c1e00000, 0x00000000c1d00000| Untracked 
|  30|0x00000000c1e00000, 0x00000000c1efffe8, 0x00000000c1f00000| 99%| O|  |TAMS 0x00000000c1efffe8, 0x00000000c1e00000| Untracked 
|  31|0x00000000c1f00000, 0x00000000c1fffff8, 0x00000000c2000000| 99%| O|  |TAMS 0x00000000c1fffff8, 0x00000000c1f00000| Untracked 
|  32|0x00000000c2000000, 0x00000000c207a078, 0x00000000c2100000| 47%| O|  |TAMS 0x00000000c2000000, 0x00000000c2000000| Untracked 
|  33|0x00000000c2100000, 0x00000000c2100068, 0x00000000c2200000|  0%| O|  |TAMS 0x00000000c2100000, 0x00000000c2100000| Untracked 
|  34|0x00000000c2200000, 0x00000000c2200000, 0x00000000c2300000|  0%| F|  |TAMS 0x00000000c2200000, 0x00000000c2200000| Untracked 
|  35|0x00000000c2300000, 0x00000000c2300000, 0x00000000c2400000|  0%| F|  |TAMS 0x00000000c2300000, 0x00000000c2300000| Untracked 
|  36|0x00000000c2400000, 0x00000000c2400000, 0x00000000c2500000|  0%| F|  |TAMS 0x00000000c2400000, 0x00000000c2400000| Untracked 
|  37|0x00000000c2500000, 0x00000000c2500000, 0x00000000c2600000|  0%| F|  |TAMS 0x00000000c2500000, 0x00000000c2500000| Untracked 
|  38|0x00000000c2600000, 0x00000000c2600000, 0x00000000c2700000|  0%| F|  |TAMS 0x00000000c2600000, 0x00000000c2600000| Untracked 
|  39|0x00000000c2700000, 0x00000000c2700000, 0x00000000c2800000|  0%| F|  |TAMS 0x00000000c2700000, 0x00000000c2700000| Untracked 
|  40|0x00000000c2800000, 0x00000000c2800000, 0x00000000c2900000|  0%| F|  |TAMS 0x00000000c2800000, 0x00000000c2800000| Untracked 
|  41|0x00000000c2900000, 0x00000000c2900000, 0x00000000c2a00000|  0%| F|  |TAMS 0x00000000c2900000, 0x00000000c2900000| Untracked 
|  42|0x00000000c2a00000, 0x00000000c2a00000, 0x00000000c2b00000|  0%| F|  |TAMS 0x00000000c2a00000, 0x00000000c2a00000| Untracked 
|  43|0x00000000c2b00000, 0x00000000c2b00000, 0x00000000c2c00000|  0%| F|  |TAMS 0x00000000c2b00000, 0x00000000c2b00000| Untracked 
|  44|0x00000000c2c00000, 0x00000000c2c00000, 0x00000000c2d00000|  0%| F|  |TAMS 0x00000000c2c00000, 0x00000000c2c00000| Untracked 
|  45|0x00000000c2d00000, 0x00000000c2d00000, 0x00000000c2e00000|  0%| F|  |TAMS 0x00000000c2d00000, 0x00000000c2d00000| Untracked 
|  46|0x00000000c2e00000, 0x00000000c2e00000, 0x00000000c2f00000|  0%| F|  |TAMS 0x00000000c2e00000, 0x00000000c2e00000| Untracked 
|  47|0x00000000c2f00000, 0x00000000c2f00000, 0x00000000c3000000|  0%| F|  |TAMS 0x00000000c2f00000, 0x00000000c2f00000| Untracked 
|  48|0x00000000c3000000, 0x00000000c3000000, 0x00000000c3100000|  0%| F|  |TAMS 0x00000000c3000000, 0x00000000c3000000| Untracked 
|  49|0x00000000c3100000, 0x00000000c3100000, 0x00000000c3200000|  0%| F|  |TAMS 0x00000000c3100000, 0x00000000c3100000| Untracked 
|  50|0x00000000c3200000, 0x00000000c3200000, 0x00000000c3300000|  0%| F|  |TAMS 0x00000000c3200000, 0x00000000c3200000| Untracked 
|  51|0x00000000c3300000, 0x00000000c3300000, 0x00000000c3400000|  0%| F|  |TAMS 0x00000000c3300000, 0x00000000c3300000| Untracked 
|  52|0x00000000c3400000, 0x00000000c3400000, 0x00000000c3500000|  0%| F|  |TAMS 0x00000000c3400000, 0x00000000c3400000| Untracked 
|  53|0x00000000c3500000, 0x00000000c3500000, 0x00000000c3600000|  0%| F|  |TAMS 0x00000000c3500000, 0x00000000c3500000| Untracked 
|  54|0x00000000c3600000, 0x00000000c3600000, 0x00000000c3700000|  0%| F|  |TAMS 0x00000000c3600000, 0x00000000c3600000| Untracked 
|  55|0x00000000c3700000, 0x00000000c3700000, 0x00000000c3800000|  0%| F|  |TAMS 0x00000000c3700000, 0x00000000c3700000| Untracked 
|  56|0x00000000c3800000, 0x00000000c3800000, 0x00000000c3900000|  0%| F|  |TAMS 0x00000000c3800000, 0x00000000c3800000| Untracked 
|  57|0x00000000c3900000, 0x00000000c3900000, 0x00000000c3a00000|  0%| F|  |TAMS 0x00000000c3900000, 0x00000000c3900000| Untracked 
|  58|0x00000000c3a00000, 0x00000000c3a00000, 0x00000000c3b00000|  0%| F|  |TAMS 0x00000000c3a00000, 0x00000000c3a00000| Untracked 
|  59|0x00000000c3b00000, 0x00000000c3b00000, 0x00000000c3c00000|  0%| F|  |TAMS 0x00000000c3b00000, 0x00000000c3b00000| Untracked 
|  60|0x00000000c3c00000, 0x00000000c3c00000, 0x00000000c3d00000|  0%| F|  |TAMS 0x00000000c3c00000, 0x00000000c3c00000| Untracked 
|  61|0x00000000c3d00000, 0x00000000c3d00000, 0x00000000c3e00000|  0%| F|  |TAMS 0x00000000c3d00000, 0x00000000c3d00000| Untracked 
|  62|0x00000000c3e00000, 0x00000000c3e00000, 0x00000000c3f00000|  0%| F|  |TAMS 0x00000000c3e00000, 0x00000000c3e00000| Untracked 
|  63|0x00000000c3f00000, 0x00000000c3f00000, 0x00000000c4000000|  0%| F|  |TAMS 0x00000000c3f00000, 0x00000000c3f00000| Untracked 
|  64|0x00000000c4000000, 0x00000000c4000000, 0x00000000c4100000|  0%| F|  |TAMS 0x00000000c4000000, 0x00000000c4000000| Untracked 
|  65|0x00000000c4100000, 0x00000000c4100000, 0x00000000c4200000|  0%| F|  |TAMS 0x00000000c4100000, 0x00000000c4100000| Untracked 
|  66|0x00000000c4200000, 0x00000000c4200000, 0x00000000c4300000|  0%| F|  |TAMS 0x00000000c4200000, 0x00000000c4200000| Untracked 
|  67|0x00000000c4300000, 0x00000000c4300000, 0x00000000c4400000|  0%| F|  |TAMS 0x00000000c4300000, 0x00000000c4300000| Untracked 
|  68|0x00000000c4400000, 0x00000000c4400000, 0x00000000c4500000|  0%| F|  |TAMS 0x00000000c4400000, 0x00000000c4400000| Untracked 
|  69|0x00000000c4500000, 0x00000000c4500000, 0x00000000c4600000|  0%| F|  |TAMS 0x00000000c4500000, 0x00000000c4500000| Untracked 
|  70|0x00000000c4600000, 0x00000000c4600000, 0x00000000c4700000|  0%| F|  |TAMS 0x00000000c4600000, 0x00000000c4600000| Untracked 
|  71|0x00000000c4700000, 0x00000000c4700000, 0x00000000c4800000|  0%| F|  |TAMS 0x00000000c4700000, 0x00000000c4700000| Untracked 
|  72|0x00000000c4800000, 0x00000000c4800000, 0x00000000c4900000|  0%| F|  |TAMS 0x00000000c4800000, 0x00000000c4800000| Untracked 
|  73|0x00000000c4900000, 0x00000000c4900000, 0x00000000c4a00000|  0%| F|  |TAMS 0x00000000c4900000, 0x00000000c4900000| Untracked 
|  74|0x00000000c4a00000, 0x00000000c4a00000, 0x00000000c4b00000|  0%| F|  |TAMS 0x00000000c4a00000, 0x00000000c4a00000| Untracked 
|  75|0x00000000c4b00000, 0x00000000c4b00000, 0x00000000c4c00000|  0%| F|  |TAMS 0x00000000c4b00000, 0x00000000c4b00000| Untracked 
|  76|0x00000000c4c00000, 0x00000000c4c00000, 0x00000000c4d00000|  0%| F|  |TAMS 0x00000000c4c00000, 0x00000000c4c00000| Untracked 
|  77|0x00000000c4d00000, 0x00000000c4d00000, 0x00000000c4e00000|  0%| F|  |TAMS 0x00000000c4d00000, 0x00000000c4d00000| Untracked 
|  78|0x00000000c4e00000, 0x00000000c4e00000, 0x00000000c4f00000|  0%| F|  |TAMS 0x00000000c4e00000, 0x00000000c4e00000| Untracked 
|  79|0x00000000c4f00000, 0x00000000c4f00000, 0x00000000c5000000|  0%| F|  |TAMS 0x00000000c4f00000, 0x00000000c4f00000| Untracked 
|  80|0x00000000c5000000, 0x00000000c5000000, 0x00000000c5100000|  0%| F|  |TAMS 0x00000000c5000000, 0x00000000c5000000| Untracked 
|  81|0x00000000c5100000, 0x00000000c5100000, 0x00000000c5200000|  0%| F|  |TAMS 0x00000000c5100000, 0x00000000c5100000| Untracked 
|  82|0x00000000c5200000, 0x00000000c5200000, 0x00000000c5300000|  0%| F|  |TAMS 0x00000000c5200000, 0x00000000c5200000| Untracked 
|  83|0x00000000c5300000, 0x00000000c530d030, 0x00000000c5400000|  5%| E|  |TAMS 0x00000000c5300000, 0x00000000c5300000| Complete 

Card table byte_map: [0x000002884eb10000,0x000002884ed10000] _byte_map_base: 0x000002884e510000

Marking Bits (Prev, Next): (CMBitMap*) 0x0000028848684580, (CMBitMap*) 0x00000288486845c0
 Prev Bits: [0x000002884ef10000, 0x000002884ff10000)
 Next Bits: [0x000002884ff10000, 0x0000028850f10000)

Polling page: 0x0000028846400000

Metaspace:

Usage:
  Non-class:     48.46 MB used.
      Class:      7.12 MB used.
       Both:     55.58 MB used.

Virtual space:
  Non-class space:       64.00 MB reserved,      48.69 MB ( 76%) committed,  1 nodes.
      Class space:        1.00 GB reserved,       7.38 MB ( <1%) committed,  1 nodes.
             Both:        1.06 GB reserved,      56.06 MB (  5%) committed. 

Chunk freelists:
   Non-Class:  14.80 MB
       Class:  8.69 MB
        Both:  23.49 MB

MaxMetaspaceSize: unlimited
CompressedClassSpaceSize: 1.00 GB
Initial GC threshold: 21.00 MB
Current GC threshold: 93.25 MB
CDS: off
MetaspaceReclaimPolicy: balanced
 - commit_granule_bytes: 65536.
 - commit_granule_words: 8192.
 - virtual_space_node_default_size: 8388608.
 - enlarge_chunks_in_place: 1.
 - new_chunks_are_fully_committed: 0.
 - uncommit_free_chunks: 1.
 - use_allocation_guard: 0.
 - handle_deallocations: 1.


Internal statistics:

num_allocs_failed_limit: 6.
num_arena_births: 852.
num_arena_deaths: 352.
num_vsnodes_births: 2.
num_vsnodes_deaths: 0.
num_space_committed: 899.
num_space_uncommitted: 2.
num_chunks_returned_to_freelist: 436.
num_chunks_taken_from_freelist: 2757.
num_chunk_merges: 148.
num_chunk_splits: 1760.
num_chunks_enlarged: 1285.
num_inconsistent_stats: 0.

CodeCache: size=49152Kb used=21924Kb max_used=22896Kb free=27227Kb
 bounds [0x000002884b2b0000, 0x000002884c9d0000, 0x000002884e2b0000]
 total_blobs=11670 nmethods=11012 adapters=583
 compilation: enabled
              stopped_count=0, restarted_count=0
 full_count=0

Compilation events (20 events):
Event: 50323.911 Thread 0x000002885ab7e730 nmethod 11168 0x000002884c798110 code [0x000002884c7982a0, 0x000002884c798378]
Event: 50323.911 Thread 0x000002885ab7e730 11170       1       org.eclipse.jdt.internal.compiler.ast.ForStatement::containsPatternVariable (21 bytes)
Event: 50323.911 Thread 0x000002885ab7e730 nmethod 11170 0x000002884c797d90 code [0x000002884c797f40, 0x000002884c798068]
Event: 50323.911 Thread 0x000002885ab7e730 11171       1       org.eclipse.jdt.internal.compiler.ast.CompoundAssignment::resolveType (615 bytes)
Event: 50323.911 Thread 0x0000028854062310 nmethod 11169 0x000002884c797090 code [0x000002884c7972e0, 0x000002884c7978f8]
Event: 50323.911 Thread 0x0000028854062310 11172       1       org.eclipse.jdt.internal.compiler.ast.ForStatement$$Lambda$1148/0x000000010074deb0::<init> (10 bytes)
Event: 50323.911 Thread 0x0000028854062310 nmethod 11172 0x000002884c796d90 code [0x000002884c796f20, 0x000002884c797038]
Event: 50323.911 Thread 0x0000028854062310 11173       1       org.eclipse.jdt.internal.compiler.ast.Statement::promotePatternVariablesIfApplicable (55 bytes)
Event: 50323.912 Thread 0x0000028854062310 nmethod 11173 0x000002884c796990 code [0x000002884c796b20, 0x000002884c796c68]
Event: 50323.912 Thread 0x000002885ab7e730 nmethod 11171 0x000002884c794b90 code [0x000002884c794f80, 0x000002884c795ef8]
Event: 51133.337 Thread 0x0000028854062310 11174       1       org.eclipse.jdt.core.dom.ASTConverter::getOperatorFor (214 bytes)
Event: 51133.337 Thread 0x0000028854062310 nmethod 11174 0x000002884c794390 code [0x000002884c7945e0, 0x000002884c794b38]
Event: 51133.337 Thread 0x0000028854062310 11175       1       org.eclipse.jdt.core.dom.DefaultASTVisitor::visit (6 bytes)
Event: 51133.337 Thread 0x0000028854062310 nmethod 11175 0x000002884c794090 code [0x000002884c794220, 0x000002884c794308]
Event: 51133.337 Thread 0x0000028854062310 11176       1       org.eclipse.jdt.core.dom.DefaultASTVisitor::endVisit (6 bytes)
Event: 51133.337 Thread 0x0000028854062310 nmethod 11176 0x000002884c793d90 code [0x000002884c793f20, 0x000002884c794008]
Event: 51133.542 Thread 0x0000028854062310 11178       1       org.springframework.ide.vscode.commons.languageserver.util.SimpleTextDocumentService::lambda$computeCodeActions$11 (160 bytes)
Event: 51133.543 Thread 0x0000028854062310 nmethod 11178 0x000002884c792990 code [0x000002884c792c40, 0x000002884c793778]
Event: 51133.543 Thread 0x0000028854062310 11177       1       org.springframework.ide.vscode.commons.languageserver.util.SimpleTextDocumentService$$Lambda$1132/0x000000010073b178::accept (16 bytes)
Event: 51133.543 Thread 0x0000028854062310 nmethod 11177 0x000002884c792610 code [0x000002884c7927a0, 0x000002884c7928c8]

GC Heap History (20 events):
Event: 68019.470 GC heap before
{Heap before GC invocations=5692 (full 5465):
 garbage-first heap   total 86016K, used 33249K [0x00000000c0000000, 0x0000000100000000)
  region size 1024K, 1 young (1024K), 0 survivors (0K)
 Metaspace       used 56918K, committed 57408K, reserved 1114112K
  class space    used 7294K, committed 7552K, reserved 1048576K
}
Event: 68019.513 GC heap after
{Heap after GC invocations=5693 (full 5466):
 garbage-first heap   total 86016K, used 33249K [0x00000000c0000000, 0x0000000100000000)
  region size 1024K, 0 young (0K), 0 survivors (0K)
 Metaspace       used 56918K, committed 57408K, reserved 1114112K
  class space    used 7294K, committed 7552K, reserved 1048576K
}
Event: 68029.711 GC heap before
{Heap before GC invocations=5693 (full 5466):
 garbage-first heap   total 86016K, used 33249K [0x00000000c0000000, 0x0000000100000000)
  region size 1024K, 1 young (1024K), 0 survivors (0K)
 Metaspace       used 56918K, committed 57408K, reserved 1114112K
  class space    used 7294K, committed 7552K, reserved 1048576K
}
Event: 68029.747 GC heap after
{Heap after GC invocations=5694 (full 5467):
 garbage-first heap   total 86016K, used 33249K [0x00000000c0000000, 0x0000000100000000)
  region size 1024K, 0 young (0K), 0 survivors (0K)
 Metaspace       used 56918K, committed 57408K, reserved 1114112K
  class space    used 7294K, committed 7552K, reserved 1048576K
}
Event: 68039.937 GC heap before
{Heap before GC invocations=5694 (full 5467):
 garbage-first heap   total 86016K, used 33249K [0x00000000c0000000, 0x0000000100000000)
  region size 1024K, 1 young (1024K), 0 survivors (0K)
 Metaspace       used 56918K, committed 57408K, reserved 1114112K
  class space    used 7294K, committed 7552K, reserved 1048576K
}
Event: 68039.971 GC heap after
{Heap after GC invocations=5695 (full 5468):
 garbage-first heap   total 86016K, used 33249K [0x00000000c0000000, 0x0000000100000000)
  region size 1024K, 0 young (0K), 0 survivors (0K)
 Metaspace       used 56918K, committed 57408K, reserved 1114112K
  class space    used 7294K, committed 7552K, reserved 1048576K
}
Event: 68050.152 GC heap before
{Heap before GC invocations=5695 (full 5468):
 garbage-first heap   total 86016K, used 33249K [0x00000000c0000000, 0x0000000100000000)
  region size 1024K, 1 young (1024K), 0 survivors (0K)
 Metaspace       used 56918K, committed 57408K, reserved 1114112K
  class space    used 7294K, committed 7552K, reserved 1048576K
}
Event: 68050.186 GC heap after
{Heap after GC invocations=5696 (full 5469):
 garbage-first heap   total 86016K, used 33249K [0x00000000c0000000, 0x0000000100000000)
  region size 1024K, 0 young (0K), 0 survivors (0K)
 Metaspace       used 56918K, committed 57408K, reserved 1114112K
  class space    used 7294K, committed 7552K, reserved 1048576K
}
Event: 68060.448 GC heap before
{Heap before GC invocations=5696 (full 5469):
 garbage-first heap   total 86016K, used 33249K [0x00000000c0000000, 0x0000000100000000)
  region size 1024K, 1 young (1024K), 0 survivors (0K)
 Metaspace       used 56918K, committed 57408K, reserved 1114112K
  class space    used 7294K, committed 7552K, reserved 1048576K
}
Event: 68060.491 GC heap after
{Heap after GC invocations=5697 (full 5470):
 garbage-first heap   total 86016K, used 33249K [0x00000000c0000000, 0x0000000100000000)
  region size 1024K, 0 young (0K), 0 survivors (0K)
 Metaspace       used 56918K, committed 57408K, reserved 1114112K
  class space    used 7294K, committed 7552K, reserved 1048576K
}
Event: 68070.702 GC heap before
{Heap before GC invocations=5697 (full 5470):
 garbage-first heap   total 86016K, used 33249K [0x00000000c0000000, 0x0000000100000000)
  region size 1024K, 1 young (1024K), 0 survivors (0K)
 Metaspace       used 56918K, committed 57408K, reserved 1114112K
  class space    used 7294K, committed 7552K, reserved 1048576K
}
Event: 68070.738 GC heap after
{Heap after GC invocations=5698 (full 5471):
 garbage-first heap   total 86016K, used 33249K [0x00000000c0000000, 0x0000000100000000)
  region size 1024K, 0 young (0K), 0 survivors (0K)
 Metaspace       used 56918K, committed 57408K, reserved 1114112K
  class space    used 7294K, committed 7552K, reserved 1048576K
}
Event: 68080.915 GC heap before
{Heap before GC invocations=5698 (full 5471):
 garbage-first heap   total 86016K, used 33249K [0x00000000c0000000, 0x0000000100000000)
  region size 1024K, 1 young (1024K), 0 survivors (0K)
 Metaspace       used 56918K, committed 57408K, reserved 1114112K
  class space    used 7294K, committed 7552K, reserved 1048576K
}
Event: 68080.949 GC heap after
{Heap after GC invocations=5699 (full 5472):
 garbage-first heap   total 86016K, used 33249K [0x00000000c0000000, 0x0000000100000000)
  region size 1024K, 0 young (0K), 0 survivors (0K)
 Metaspace       used 56918K, committed 57408K, reserved 1114112K
  class space    used 7294K, committed 7552K, reserved 1048576K
}
Event: 68091.145 GC heap before
{Heap before GC invocations=5699 (full 5472):
 garbage-first heap   total 86016K, used 33249K [0x00000000c0000000, 0x0000000100000000)
  region size 1024K, 1 young (1024K), 0 survivors (0K)
 Metaspace       used 56918K, committed 57408K, reserved 1114112K
  class space    used 7294K, committed 7552K, reserved 1048576K
}
Event: 68091.180 GC heap after
{Heap after GC invocations=5700 (full 5473):
 garbage-first heap   total 86016K, used 33249K [0x00000000c0000000, 0x0000000100000000)
  region size 1024K, 0 young (0K), 0 survivors (0K)
 Metaspace       used 56918K, committed 57408K, reserved 1114112K
  class space    used 7294K, committed 7552K, reserved 1048576K
}
Event: 68101.375 GC heap before
{Heap before GC invocations=5700 (full 5473):
 garbage-first heap   total 86016K, used 33249K [0x00000000c0000000, 0x0000000100000000)
  region size 1024K, 1 young (1024K), 0 survivors (0K)
 Metaspace       used 56918K, committed 57408K, reserved 1114112K
  class space    used 7294K, committed 7552K, reserved 1048576K
}
Event: 68101.424 GC heap after
{Heap after GC invocations=5701 (full 5474):
 garbage-first heap   total 86016K, used 33249K [0x00000000c0000000, 0x0000000100000000)
  region size 1024K, 0 young (0K), 0 survivors (0K)
 Metaspace       used 56918K, committed 57408K, reserved 1114112K
  class space    used 7294K, committed 7552K, reserved 1048576K
}
Event: 68111.713 GC heap before
{Heap before GC invocations=5701 (full 5474):
 garbage-first heap   total 86016K, used 33249K [0x00000000c0000000, 0x0000000100000000)
  region size 1024K, 1 young (1024K), 0 survivors (0K)
 Metaspace       used 56918K, committed 57408K, reserved 1114112K
  class space    used 7294K, committed 7552K, reserved 1048576K
}
Event: 68111.761 GC heap after
{Heap after GC invocations=5702 (full 5475):
 garbage-first heap   total 86016K, used 33249K [0x00000000c0000000, 0x0000000100000000)
  region size 1024K, 0 young (0K), 0 survivors (0K)
 Metaspace       used 56918K, committed 57408K, reserved 1114112K
  class space    used 7294K, committed 7552K, reserved 1048576K
}

Dll operation events (9 events):
Event: 0.016 Loaded shared library c:\Users\USUARIO\.vscode\extensions\redhat.java-1.22.1-win32-x64\jre\17.0.8.1-win32-x86_64\bin\java.dll
Event: 0.839 Loaded shared library C:\Users\USUARIO\.vscode\extensions\redhat.java-1.22.1-win32-x64\jre\17.0.8.1-win32-x86_64\bin\net.dll
Event: 0.842 Loaded shared library C:\Users\USUARIO\.vscode\extensions\redhat.java-1.22.1-win32-x64\jre\17.0.8.1-win32-x86_64\bin\nio.dll
Event: 2.099 Loaded shared library C:\Users\USUARIO\.vscode\extensions\redhat.java-1.22.1-win32-x64\jre\17.0.8.1-win32-x86_64\bin\zip.dll
Event: 8.560 Loaded shared library C:\Users\USUARIO\.vscode\extensions\redhat.java-1.22.1-win32-x64\jre\17.0.8.1-win32-x86_64\bin\jimage.dll
Event: 12.479 Loaded shared library c:\Users\USUARIO\.vscode\extensions\redhat.java-1.22.1-win32-x64\jre\17.0.8.1-win32-x86_64\bin\verify.dll
Event: 13.724 Loaded shared library C:\Users\USUARIO\.vscode\extensions\redhat.java-1.22.1-win32-x64\jre\17.0.8.1-win32-x86_64\bin\management.dll
Event: 13.746 Loaded shared library C:\Users\USUARIO\.vscode\extensions\redhat.java-1.22.1-win32-x64\jre\17.0.8.1-win32-x86_64\bin\management_ext.dll
Event: 14.982 Loaded shared library C:\Users\USUARIO\.vscode\extensions\redhat.java-1.22.1-win32-x64\jre\17.0.8.1-win32-x86_64\bin\sunmscapi.dll

Deoptimization events (20 events):
Event: 40479.293 Thread 0x0000028859d34ed0 DEOPT PACKING pc=0x000002884b9ced2c sp=0x000000e92cafd800
Event: 40479.293 Thread 0x0000028859d34ed0 DEOPT UNPACKING pc=0x000002884b307143 sp=0x000000e92cafcd70 mode 0
Event: 40524.970 Thread 0x0000028859d34ed0 DEOPT PACKING pc=0x000002884c6769ab sp=0x000000e92cafdbd0
Event: 40524.970 Thread 0x0000028859d34ed0 DEOPT UNPACKING pc=0x000002884b307143 sp=0x000000e92cafd0d0 mode 3
Event: 40634.754 Thread 0x0000028859d31720 DEOPT PACKING pc=0x000002884b936340 sp=0x000000e92cafd8f0
Event: 40634.754 Thread 0x0000028859d31720 DEOPT UNPACKING pc=0x000002884b307143 sp=0x000000e92cafcd98 mode 3
Event: 40786.963 Thread 0x0000028859d32140 DEOPT PACKING pc=0x000002884c6c1a3c sp=0x000000e92cafde50
Event: 40786.963 Thread 0x0000028859d32140 DEOPT UNPACKING pc=0x000002884b307143 sp=0x000000e92cafd360 mode 0
Event: 40786.964 Thread 0x0000028859d32140 DEOPT PACKING pc=0x000002884c1d1450 sp=0x000000e92cafdeb0
Event: 40786.964 Thread 0x0000028859d32140 DEOPT UNPACKING pc=0x000002884b307143 sp=0x000000e92cafd380 mode 3
Event: 40786.964 Thread 0x0000028859d32140 DEOPT PACKING pc=0x000002884c690e34 sp=0x000000e92cafe0b0
Event: 40786.964 Thread 0x0000028859d32140 DEOPT UNPACKING pc=0x000002884b307143 sp=0x000000e92cafd658 mode 0
Event: 41794.208 Thread 0x0000028859d2fdd0 DEOPT PACKING pc=0x000002884bf5b0d5 sp=0x000000e930ffdb70
Event: 41794.208 Thread 0x0000028859d2fdd0 DEOPT UNPACKING pc=0x000002884b307143 sp=0x000000e930ffd018 mode 3
Event: 41946.828 Thread 0x0000028859d32140 DEOPT PACKING pc=0x000002884c75a147 sp=0x000000e92cbfdd10
Event: 41946.828 Thread 0x0000028859d32140 DEOPT UNPACKING pc=0x000002884b307143 sp=0x000000e92cbfd748 mode 3
Event: 46330.058 Thread 0x0000028859d32140 DEOPT PACKING pc=0x000002884c4f71b6 sp=0x000000e92cafcf60
Event: 46330.058 Thread 0x0000028859d32140 DEOPT UNPACKING pc=0x000002884b307143 sp=0x000000e92cafc480 mode 3
Event: 48015.031 Thread 0x0000028859ce4ec0 DEOPT PACKING pc=0x000002884c6f199d sp=0x000000e9303fc690
Event: 48015.031 Thread 0x0000028859ce4ec0 DEOPT UNPACKING pc=0x000002884b307143 sp=0x000000e9303fbbc0 mode 3

Classes unloaded (20 events):
Event: 41878.628 Thread 0x000002885401ab80 Unloading class 0x0000000100748c00 'jdk/internal/reflect/GeneratedConstructorAccessor75'
Event: 41878.628 Thread 0x000002885401ab80 Unloading class 0x0000000100748800 'jdk/internal/reflect/GeneratedMethodAccessor30'
Event: 41878.628 Thread 0x000002885401ab80 Unloading class 0x0000000100748400 'jdk/internal/reflect/GeneratedMethodAccessor29'
Event: 41878.628 Thread 0x000002885401ab80 Unloading class 0x0000000100748000 'jdk/internal/reflect/GeneratedMethodAccessor28'
Event: 41878.628 Thread 0x000002885401ab80 Unloading class 0x000000010074b400 'jdk/internal/reflect/GeneratedConstructorAccessor74'
Event: 41878.628 Thread 0x000002885401ab80 Unloading class 0x000000010074b000 'jdk/internal/reflect/GeneratedConstructorAccessor73'
Event: 46432.920 Thread 0x000002885401ab80 Unloading class 0x0000000100748000 'jdk/internal/reflect/GeneratedMethodAccessor37'
Event: 46432.920 Thread 0x000002885401ab80 Unloading class 0x000000010074ac00 'jdk/internal/reflect/GeneratedConstructorAccessor78'
Event: 46432.920 Thread 0x000002885401ab80 Unloading class 0x000000010074a800 'jdk/internal/reflect/GeneratedMethodAccessor36'
Event: 46432.920 Thread 0x000002885401ab80 Unloading class 0x000000010074a400 'jdk/internal/reflect/GeneratedConstructorAccessor77'
Event: 46432.920 Thread 0x000002885401ab80 Unloading class 0x000000010074a000 'jdk/internal/reflect/GeneratedMethodAccessor35'
Event: 46432.920 Thread 0x000002885401ab80 Unloading class 0x000000010074b400 'jdk/internal/reflect/GeneratedMethodAccessor34'
Event: 46432.920 Thread 0x000002885401ab80 Unloading class 0x000000010074b000 'jdk/internal/reflect/GeneratedMethodAccessor33'
Event: 50400.721 Thread 0x000002885401ab80 Unloading class 0x000000010074a000 'jdk/internal/reflect/GeneratedMethodAccessor42'
Event: 50400.721 Thread 0x000002885401ab80 Unloading class 0x0000000100748c00 'jdk/internal/reflect/GeneratedConstructorAccessor80'
Event: 50400.721 Thread 0x000002885401ab80 Unloading class 0x0000000100748800 'jdk/internal/reflect/GeneratedMethodAccessor41'
Event: 50400.721 Thread 0x000002885401ab80 Unloading class 0x0000000100748400 'jdk/internal/reflect/GeneratedConstructorAccessor79'
Event: 50400.721 Thread 0x000002885401ab80 Unloading class 0x0000000100748000 'jdk/internal/reflect/GeneratedMethodAccessor40'
Event: 50400.721 Thread 0x000002885401ab80 Unloading class 0x000000010074b400 'jdk/internal/reflect/GeneratedMethodAccessor39'
Event: 50400.721 Thread 0x000002885401ab80 Unloading class 0x000000010074b000 'jdk/internal/reflect/GeneratedMethodAccessor38'

Classes redefined (0 events):
No events

Internal exceptions (20 events):
Event: 41795.767 Thread 0x0000028859d32140 Exception <a 'java/lang/NullPointerException'{0x00000000c36d00e0}> (0x00000000c36d00e0) 
thrown [s\src\hotspot\share\runtime\sharedRuntime.cpp, line 628]
Event: 41795.768 Thread 0x0000028859d32140 Implicit null exception at 0x000002884c5a2797 to 0x000002884c5a28e1
Event: 41795.768 Thread 0x0000028859d32140 Exception <a 'java/lang/NullPointerException'{0x00000000c36dae48}> (0x00000000c36dae48) 
thrown [s\src\hotspot\share\runtime\sharedRuntime.cpp, line 628]
Event: 41795.768 Thread 0x0000028859d32140 Implicit null exception at 0x000002884c5a1a17 to 0x000002884c5a1b61
Event: 41795.768 Thread 0x0000028859d32140 Exception <a 'java/lang/NullPointerException'{0x00000000c36e5948}> (0x00000000c36e5948) 
thrown [s\src\hotspot\share\runtime\sharedRuntime.cpp, line 628]
Event: 41795.768 Thread 0x0000028859d32140 Implicit null exception at 0x000002884c59dafc to 0x000002884c59ddcb
Event: 41795.768 Thread 0x0000028859d32140 Exception <a 'java/lang/NullPointerException'{0x00000000c36f0f00}> (0x00000000c36f0f00) 
thrown [s\src\hotspot\share\runtime\sharedRuntime.cpp, line 628]
Event: 41795.769 Thread 0x0000028859d32140 Implicit null exception at 0x000002884c5a0396 to 0x000002884c5a04e0
Event: 41795.769 Thread 0x0000028859d32140 Exception <a 'java/lang/NullPointerException'{0x00000000c36fb7c0}> (0x00000000c36fb7c0) 
thrown [s\src\hotspot\share\runtime\sharedRuntime.cpp, line 628]
Event: 41795.769 Thread 0x0000028859d32140 Implicit null exception at 0x000002884c59fde7 to 0x000002884c59fefb
Event: 41795.769 Thread 0x0000028859d32140 Exception <a 'java/lang/NullPointerException'{0x00000000c35358c8}> (0x00000000c35358c8) 
thrown [s\src\hotspot\share\runtime\sharedRuntime.cpp, line 628]
Event: 41795.769 Thread 0x0000028859d32140 Implicit null exception at 0x000002884c59f4be to 0x000002884c59f598
Event: 41795.769 Thread 0x0000028859d32140 Exception <a 'java/lang/NullPointerException'{0x00000000c3540098}> (0x00000000c3540098) 
thrown [s\src\hotspot\share\runtime\sharedRuntime.cpp, line 628]
Event: 41795.770 Thread 0x0000028859d32140 Implicit null exception at 0x000002884c59cebe to 0x000002884c59cf98
Event: 41795.770 Thread 0x0000028859d32140 Exception <a 'java/lang/NullPointerException'{0x00000000c354a788}> (0x00000000c354a788) 
thrown [s\src\hotspot\share\runtime\sharedRuntime.cpp, line 628]
Event: 41795.770 Thread 0x0000028859d32140 Implicit null exception at 0x000002884c59e6e0 to 0x000002884c59e785
Event: 41795.770 Thread 0x0000028859d32140 Exception <a 'java/lang/NullPointerException'{0x00000000c3557f88}> (0x00000000c3557f88) 
thrown [s\src\hotspot\share\runtime\sharedRuntime.cpp, line 628]
Event: 46330.057 Thread 0x0000028859d32140 Implicit null exception at 0x000002884c4f69b6 to 0x000002884c4f71b1
Event: 48015.031 Thread 0x0000028859ce4ec0 Implicit null exception at 0x000002884c6f15d1 to 0x000002884c6f1998
Event: 68121.781 Thread 0x0000028859bf2ca0 Exception <a 'java/io/IOException'{0x00000000c5300630}: CreateProcess error=1450, Insufficient system resources exist to complete the requested service> (0x00000000c5300630) 
thrown [s\src\hotspot\share\prims\jni.cpp, line 535]

VM Operations (20 events):
Event: 68029.747 Executing VM operation: G1CollectFull done
Event: 68039.936 Executing VM operation: G1CollectFull
Event: 68039.972 Executing VM operation: G1CollectFull done
Event: 68050.152 Executing VM operation: G1CollectFull
Event: 68050.186 Executing VM operation: G1CollectFull done
Event: 68060.448 Executing VM operation: G1CollectFull
Event: 68060.491 Executing VM operation: G1CollectFull done
Event: 68070.702 Executing VM operation: G1CollectFull
Event: 68070.738 Executing VM operation: G1CollectFull done
Event: 68080.915 Executing VM operation: G1CollectFull
Event: 68080.949 Executing VM operation: G1CollectFull done
Event: 68091.145 Executing VM operation: G1CollectFull
Event: 68091.180 Executing VM operation: G1CollectFull done
Event: 68101.375 Executing VM operation: G1CollectFull
Event: 68101.424 Executing VM operation: G1CollectFull done
Event: 68111.713 Executing VM operation: G1CollectFull
Event: 68111.761 Executing VM operation: G1CollectFull done
Event: 68121.850 Executing VM operation: Cleanup
Event: 68121.850 Executing VM operation: Cleanup done
Event: 68132.041 Executing VM operation: G1CollectFull

Events (20 events):
Event: 50297.427 Thread 0x000002885a7222b0 Thread added: 0x000002885a7222b0
Event: 50300.576 Thread 0x000002885a7222b0 Thread exited: 0x000002885a7222b0
Event: 50300.621 Thread 0x0000028859d35e00 Thread added: 0x0000028859d35e00
Event: 50313.960 Thread 0x000002885ab7e730 Thread added: 0x000002885ab7e730
Event: 50318.971 Thread 0x000002885ab7e730 Thread exited: 0x000002885ab7e730
Event: 50323.450 Thread 0x000002885ab7e730 Thread added: 0x000002885ab7e730
Event: 50328.924 Thread 0x000002885ab7e730 Thread exited: 0x000002885ab7e730
Event: 50360.638 Thread 0x0000028859d35e00 Thread exited: 0x0000028859d35e00
Event: 50428.016 Thread 0x0000028859d36310 Thread exited: 0x0000028859d36310
Event: 50428.016 Thread 0x0000028859d31720 Thread exited: 0x0000028859d31720
Event: 50571.876 Thread 0x0000028859d33a90 Thread added: 0x0000028859d33a90
Event: 50631.893 Thread 0x0000028859d33a90 Thread exited: 0x0000028859d33a90
Event: 51133.291 Thread 0x0000028859d33a90 Thread added: 0x0000028859d33a90
Event: 51133.291 Thread 0x0000028859d36310 Thread added: 0x0000028859d36310
Event: 51194.018 Thread 0x0000028859d33a90 Thread exited: 0x0000028859d33a90
Event: 51194.018 Thread 0x0000028859d36310 Thread exited: 0x0000028859d36310
Event: 52780.268 Thread 0x0000028859d36310 Thread added: 0x0000028859d36310
Event: 52780.277 Thread 0x0000028859d33a90 Thread added: 0x0000028859d33a90
Event: 52840.369 Thread 0x0000028859d36310 Thread exited: 0x0000028859d36310
Event: 52840.369 Thread 0x0000028859d33a90 Thread exited: 0x0000028859d33a90


Dynamic libraries:
0x00007ff742420000 - 0x00007ff74242e000 	c:\Users\USUARIO\.vscode\extensions\redhat.java-1.22.1-win32-x64\jre\17.0.8.1-win32-x86_64\bin\java.exe
0x00007ffa9a150000 - 0x00007ffa9a364000 	C:\WINDOWS\SYSTEM32\ntdll.dll
0x00007ffa99c80000 - 0x00007ffa99d44000 	C:\WINDOWS\System32\KERNEL32.DLL
0x00007ffa97500000 - 0x00007ffa978a4000 	C:\WINDOWS\System32\KERNELBASE.dll
0x00007ffa979e0000 - 0x00007ffa97af1000 	C:\WINDOWS\System32\ucrtbase.dll
0x00007ffa90d30000 - 0x00007ffa90d47000 	c:\Users\USUARIO\.vscode\extensions\redhat.java-1.22.1-win32-x64\jre\17.0.8.1-win32-x86_64\bin\jli.dll
0x00007ffa98c60000 - 0x00007ffa98e0e000 	C:\WINDOWS\System32\USER32.dll
0x00007ffa97d40000 - 0x00007ffa97d66000 	C:\WINDOWS\System32\win32u.dll
0x00007ffa90d10000 - 0x00007ffa90d29000 	c:\Users\USUARIO\.vscode\extensions\redhat.java-1.22.1-win32-x64\jre\17.0.8.1-win32-x86_64\bin\VCRUNTIME140.dll
0x00007ffa99d50000 - 0x00007ffa99d79000 	C:\WINDOWS\System32\GDI32.dll
0x00007ffa97c20000 - 0x00007ffa97d38000 	C:\WINDOWS\System32\gdi32full.dll
0x00007ffa7c9c0000 - 0x00007ffa7cc53000 	C:\WINDOWS\WinSxS\amd64_microsoft.windows.common-controls_6595b64144ccf1df_6.0.22621.2215_none_270d72677387dfc3\COMCTL32.dll
0x00007ffa98820000 - 0x00007ffa988c7000 	C:\WINDOWS\System32\msvcrt.dll
0x00007ffa97b00000 - 0x00007ffa97b9a000 	C:\WINDOWS\System32\msvcp_win.dll
0x00007ffa98f80000 - 0x00007ffa98fb1000 	C:\WINDOWS\System32\IMM32.DLL
0x00007ffa90ce0000 - 0x00007ffa90cec000 	c:\Users\USUARIO\.vscode\extensions\redhat.java-1.22.1-win32-x64\jre\17.0.8.1-win32-x86_64\bin\vcruntime140_1.dll
0x00007ffa8e8f0000 - 0x00007ffa8e981000 	c:\Users\USUARIO\.vscode\extensions\redhat.java-1.22.1-win32-x64\jre\17.0.8.1-win32-x86_64\bin\msvcp140.dll
0x00007ff9ce530000 - 0x00007ff9cf17c000 	c:\Users\USUARIO\.vscode\extensions\redhat.java-1.22.1-win32-x64\jre\17.0.8.1-win32-x86_64\bin\server\jvm.dll
0x00007ffa98360000 - 0x00007ffa98410000 	C:\WINDOWS\System32\ADVAPI32.dll
0x00007ffa98690000 - 0x00007ffa98736000 	C:\WINDOWS\System32\sechost.dll
0x00007ffa99ae0000 - 0x00007ffa99bf7000 	C:\WINDOWS\System32\RPCRT4.dll
0x00007ffa96380000 - 0x00007ffa963cd000 	C:\WINDOWS\SYSTEM32\POWRPROF.dll
0x00007ffa90340000 - 0x00007ffa90374000 	C:\WINDOWS\SYSTEM32\WINMM.dll
0x00007ffa6b470000 - 0x00007ffa6b479000 	C:\WINDOWS\SYSTEM32\WSOCK32.dll
0x00007ffa99c00000 - 0x00007ffa99c71000 	C:\WINDOWS\System32\WS2_32.dll
0x00007ffa8e220000 - 0x00007ffa8e22a000 	C:\WINDOWS\SYSTEM32\VERSION.dll
0x00007ffa96350000 - 0x00007ffa96363000 	C:\WINDOWS\SYSTEM32\UMPDC.dll
0x00007ffa965c0000 - 0x00007ffa965d8000 	C:\WINDOWS\SYSTEM32\kernel.appcore.dll
0x00007ffa8e8e0000 - 0x00007ffa8e8ea000 	c:\Users\USUARIO\.vscode\extensions\redhat.java-1.22.1-win32-x64\jre\17.0.8.1-win32-x86_64\bin\jimage.dll
0x00007ffa837b0000 - 0x00007ffa839de000 	C:\WINDOWS\SYSTEM32\DBGHELP.DLL
0x00007ffa988d0000 - 0x00007ffa98c5a000 	C:\WINDOWS\System32\combase.dll
0x00007ffa98740000 - 0x00007ffa98817000 	C:\WINDOWS\System32\OLEAUT32.dll
0x00007ffa6acf0000 - 0x00007ffa6ad22000 	C:\WINDOWS\SYSTEM32\dbgcore.DLL
0x00007ffa97ba0000 - 0x00007ffa97c1a000 	C:\WINDOWS\System32\bcryptPrimitives.dll
0x00007ffa8e880000 - 0x00007ffa8e8a5000 	c:\Users\USUARIO\.vscode\extensions\redhat.java-1.22.1-win32-x64\jre\17.0.8.1-win32-x86_64\bin\java.dll
0x00007ffa3f990000 - 0x00007ffa3f9a8000 	c:\Users\USUARIO\.vscode\extensions\redhat.java-1.22.1-win32-x64\jre\17.0.8.1-win32-x86_64\bin\zip.dll
0x00007ffa99080000 - 0x00007ffa998a3000 	C:\WINDOWS\System32\SHELL32.dll
0x00007ffa95450000 - 0x00007ffa95d3a000 	C:\WINDOWS\SYSTEM32\windows.storage.dll
0x00007ffa95310000 - 0x00007ffa9544e000 	C:\WINDOWS\SYSTEM32\wintypes.dll
0x00007ffa99f90000 - 0x00007ffa9a083000 	C:\WINDOWS\System32\SHCORE.dll
0x00007ffa98490000 - 0x00007ffa984ee000 	C:\WINDOWS\System32\shlwapi.dll
0x00007ffa97430000 - 0x00007ffa97456000 	C:\WINDOWS\SYSTEM32\profapi.dll
0x00007ffa263a0000 - 0x00007ffa263b9000 	C:\Users\USUARIO\.vscode\extensions\redhat.java-1.22.1-win32-x64\jre\17.0.8.1-win32-x86_64\bin\net.dll
0x00007ffa90ac0000 - 0x00007ffa90bf7000 	C:\WINDOWS\SYSTEM32\WINHTTP.dll
0x00007ffa96ac0000 - 0x00007ffa96b29000 	C:\WINDOWS\system32\mswsock.dll
0x00007ffa26380000 - 0x00007ffa26395000 	C:\Users\USUARIO\.vscode\extensions\redhat.java-1.22.1-win32-x64\jre\17.0.8.1-win32-x86_64\bin\nio.dll
0x00007ffa96d10000 - 0x00007ffa96d2b000 	C:\WINDOWS\SYSTEM32\CRYPTSP.dll
0x00007ffa96580000 - 0x00007ffa965b5000 	C:\WINDOWS\system32\rsaenh.dll
0x00007ffa96bb0000 - 0x00007ffa96bdc000 	C:\WINDOWS\SYSTEM32\USERENV.dll
0x00007ffa96eb0000 - 0x00007ffa96ed8000 	C:\WINDOWS\SYSTEM32\bcrypt.dll
0x00007ffa96d30000 - 0x00007ffa96d3c000 	C:\WINDOWS\SYSTEM32\CRYPTBASE.dll
0x00007ffa96010000 - 0x00007ffa9603d000 	C:\WINDOWS\SYSTEM32\IPHLPAPI.DLL
0x00007ffa99070000 - 0x00007ffa99079000 	C:\WINDOWS\System32\NSI.dll
0x00007ffa90dd0000 - 0x00007ffa90de9000 	C:\WINDOWS\SYSTEM32\dhcpcsvc6.DLL
0x00007ffa908a0000 - 0x00007ffa908bf000 	C:\WINDOWS\SYSTEM32\dhcpcsvc.DLL
0x00007ffa96080000 - 0x00007ffa96172000 	C:\WINDOWS\SYSTEM32\DNSAPI.dll
0x00007ffa8e850000 - 0x00007ffa8e860000 	c:\Users\USUARIO\.vscode\extensions\redhat.java-1.22.1-win32-x64\jre\17.0.8.1-win32-x86_64\bin\verify.dll
0x00007ffa92b20000 - 0x00007ffa92b29000 	C:\Users\USUARIO\.vscode\extensions\redhat.java-1.22.1-win32-x64\jre\17.0.8.1-win32-x86_64\bin\management.dll
0x00007ffa90f40000 - 0x00007ffa90f4b000 	C:\Users\USUARIO\.vscode\extensions\redhat.java-1.22.1-win32-x64\jre\17.0.8.1-win32-x86_64\bin\management_ext.dll
0x00007ffa98410000 - 0x00007ffa98418000 	C:\WINDOWS\System32\PSAPI.DLL
0x00007ffa90320000 - 0x00007ffa9032e000 	C:\Users\USUARIO\.vscode\extensions\redhat.java-1.22.1-win32-x64\jre\17.0.8.1-win32-x86_64\bin\sunmscapi.dll
0x00007ffa97d70000 - 0x00007ffa97ed6000 	C:\WINDOWS\System32\CRYPT32.dll
0x00007ffa96e80000 - 0x00007ffa96eae000 	C:\WINDOWS\SYSTEM32\ncrypt.dll
0x00007ffa96e40000 - 0x00007ffa96e77000 	C:\WINDOWS\SYSTEM32\NTASN1.dll
0x00007ffa835e0000 - 0x00007ffa835ea000 	C:\Windows\System32\rasadhlp.dll
0x00007ffa8eb20000 - 0x00007ffa8eba4000 	C:\WINDOWS\System32\fwpuclnt.dll

dbghelp: loaded successfully - version: 4.0.5 - missing functions: none
symbol engine: initialized successfully - sym options: 0x614 - pdb path: .;c:\Users\USUARIO\.vscode\extensions\redhat.java-1.22.1-win32-x64\jre\17.0.8.1-win32-x86_64\bin;C:\WINDOWS\SYSTEM32;C:\WINDOWS\WinSxS\amd64_microsoft.windows.common-controls_6595b64144ccf1df_6.0.22621.2215_none_270d72677387dfc3;c:\Users\USUARIO\.vscode\extensions\redhat.java-1.22.1-win32-x64\jre\17.0.8.1-win32-x86_64\bin\server

VM Arguments:
jvm_args: -XX:+HeapDumpOnOutOfMemoryError -Xmx1024m -Dsts.lsp.client=vscode -Dsts.log.file=/dev/null -XX:TieredStopAtLevel=1 -Xlog:jni+resolve=off -Dspring.config.location=file:c:\Users\USUARIO\.vscode\extensions\vmware.vscode-spring-boot-1.49.0\language-server\BOOT-INF\classes\application.properties 
java_command: org.springframework.ide.vscode.boot.app.BootLanguageServerBootApp
java_class_path (initial): c:\Users\USUARIO\.vscode\extensions\vmware.vscode-spring-boot-1.49.0\language-server\BOOT-INF\classes;c:\Users\USUARIO\.vscode\extensions\vmware.vscode-spring-boot-1.49.0\language-server\BOOT-INF\lib\annotations-24.0.1.jar;c:\Users\USUARIO\.vscode\extensions\vmware.vscode-spring-boot-1.49.0\language-server\BOOT-INF\lib\antlr-runtime-3.5.3.jar;c:\Users\USUARIO\.vscode\extensions\vmware.vscode-spring-boot-1.49.0\language-server\BOOT-INF\lib\antlr4-4.11.1.jar;c:\Users\USUARIO\.vscode\extensions\vmware.vscode-spring-boot-1.49.0\language-server\BOOT-INF\lib\antlr4-runtime-4.11.1.jar;c:\Users\USUARIO\.vscode\extensions\vmware.vscode-spring-boot-1.49.0\language-server\BOOT-INF\lib\archunit-1.1.0.jar;c:\Users\USUARIO\.vscode\extensions\vmware.vscode-spring-boot-1.49.0\language-server\BOOT-INF\lib\asm-9.5.jar;c:\Users\USUARIO\.vscode\extensions\vmware.vscode-spring-boot-1.49.0\language-server\BOOT-INF\lib\asm-analysis-9.5.jar;c:\Users\USUARIO\.vscode\extensions\vmware.vscode-spring-boot-1.49.0\language-server\BOOT-INF\lib\asm-tree-9.5.jar;c:\Users\USUARIO\.vscode\extensions\vmware.vscode-spring-boot-1.49.0\language-server\BOOT-INF\lib\asm-util-9.5.jar;c:\Users\USUARIO\.vscode\extensions\vmware.vscode-spring-boot-1.49.0\language-server\BOOT-INF\lib\bosh-language-server-1.49.0-SNAPSHOT.jar;c:\Users\USUARIO\.vscode\extensions\vmware.vscode-spring-boot-1.49.0\language-server\BOOT-INF\lib\caffeine-3.1.6.jar;c:\Users\USUARIO\.vscode\extensions\vmware.vscode-spring-boot-1.49.0\language-server\BOOT-INF\lib\checker-qual-3.12.0.jar;c:\Users\USUARIO\.vscode\extensions\vmware.vscode-spring-boot-1.49.0\language-server\BOOT-INF\lib\classgraph-4.8.149.jar;c:\Users\USUARIO\.vscode\extensions\vmware.vscode-spring-boot-1.49.0\language-server\BOOT-INF\lib\commons-codec-1.15.jar;c:\Users\USUARIO\.vscode\extensions\vmware.vscode-spring-boot-1.49.0\language-server\BOOT-INF\lib\commons-compress-1.23.0.jar;c:\Users\USUARIO\.vscode\extensions\vmware.vscode-spring-boot-1.
Launcher Type: SUN_STANDARD

[Global flags]
     intx CICompilerCount                          = 12                                        {product} {ergonomic}
     uint ConcGCThreads                            = 3                                         {product} {ergonomic}
     uint G1ConcRefinementThreads                  = 13                                        {product} {ergonomic}
   size_t G1HeapRegionSize                         = 1048576                                   {product} {ergonomic}
    uintx GCDrainStackTargetSize                   = 64                                        {product} {ergonomic}
     bool HeapDumpOnOutOfMemoryError               = true                                   {manageable} {command line}
   size_t InitialHeapSize                          = 526385152                                 {product} {ergonomic}
   size_t MarkStackSize                            = 4194304                                   {product} {ergonomic}
   size_t MaxHeapSize                              = 1073741824                                {product} {command line}
   size_t MaxNewSize                               = 643825664                                 {product} {ergonomic}
   size_t MinHeapDeltaBytes                        = 1048576                                   {product} {ergonomic}
   size_t MinHeapSize                              = 8388608                                   {product} {ergonomic}
    uintx NonProfiledCodeHeapSize                  = 0                                      {pd product} {ergonomic}
     bool ProfileInterpreter                       = false                                  {pd product} {command line}
    uintx ProfiledCodeHeapSize                     = 0                                      {pd product} {ergonomic}
   size_t SoftMaxHeapSize                          = 1073741824                             {manageable} {ergonomic}
     intx TieredStopAtLevel                        = 1                                         {product} {command line}
     bool UseCompressedClassPointers               = true                           {product lp64_product} {ergonomic}
     bool UseCompressedOops                        = true                           {product lp64_product} {ergonomic}
     bool UseG1GC                                  = true                                      {product} {ergonomic}
     bool UseLargePagesIndividualAllocation        = false                                  {pd product} {ergonomic}

Logging:
Log output configuration:
 #0: stdout all=warning,jni+resolve=off uptime,level,tags
 #1: stderr all=off uptime,level,tags

Environment Variables:
PATH=C:\Users\USUARIO\AppData\Local\Programs\Python\Python311\Scripts\;C:\Users\USUARIO\AppData\Local\Programs\Python\Python311\;C:\oracleXE\dbhomeXE\bin;C:\Program Files\Common Files\Oracle\Java\javapath;C:\Program Files (x86)\Common Files\Oracle\Java\javapath;C:\windows\system32;C:\windows;C:\windows\System32\Wbem;C:\windows\System32\WindowsPowerShell\v1.0\;C:\windows\System32\OpenSSH\;C:\Program Files (x86)\NVIDIA Corporation\PhysX\Common;C:\Program Files\NVIDIA Corporation\NVIDIA NvDLISR;C:\WINDOWS\system32;C:\WINDOWS;C:\WINDOWS\System32\Wbem;C:\WINDOWS\System32\WindowsPowerShell\v1.0\;C:\WINDOWS\System32\OpenSSH\;C:\Program Files (x86)\NoteBook FanControl\;C:\Program Files\Git\cmd;C:\Program Files\dotnet\;C:\MinGW\bin;C:\Program Files\nodejs\;C:\ProgramData\chocolatey\bin;C:\Program Files\Java\jdk-17\bin;C:\Program Files\apache-maven-3.9.4\bin;C:\Users\USUARIO\AppData\Local\Programs\Python\Python311\Scripts\;C:\Users\USUARIO\AppData\Local\Programs\Python\Python311\;C:\Users\USUARIO\AppData\Local\Programs\Python\Python310\Scripts\;C:\Users\USUARIO\AppData\Local\Programs\Python\Python310\;C:\Users\USUARIO\AppData\Local\Microsoft\WindowsApps;C:\Users\USUARIO\AppData\Local\Programs\Microsoft VS Code\bin;C:\Users\USUARIO\.dotnet\tools;C:\Users\USUARIO\AppData\Roaming\npm;C:\Program Files\Java\jdk-17\bin;C:\Program Files\apache-maven-3.9.4\bin;
USERNAME=USUARIO
OS=Windows_NT
PROCESSOR_IDENTIFIER=AMD64 Family 23 Model 96 Stepping 1, AuthenticAMD
TMP=C:\Users\USUARIO\AppData\Local\Temp
TEMP=C:\Users\USUARIO\AppData\Local\Temp



---------------  S Y S T E M  ---------------

OS:
 Windows 11 , 64 bit Build 22621 (10.0.22621.2215)
OS uptime: 0 days 18:58 hours
Hyper-V role detected

CPU: total 16 (initial active 16) (16 cores per cpu, 2 threads per core) family 23 model 96 stepping 1 microcode 0x0, cx8, cmov, fxsr, ht, mmx, 3dnowpref, sse, sse2, sse3, ssse3, sse4a, sse4.1, sse4.2, popcnt, lzcnt, tsc, tscinvbit, avx, avx2, aes, clmul, bmi1, bmi2, adx, sha, fma, vzeroupper, clflush, clflushopt, hv
Processor Information for all 16 processors :
  Max Mhz: 2900, Current Mhz: 2900, Mhz Limit: 2900

Memory: 4k page, system-wide physical 32115M (512M free)
TotalPageFile size 130419M (AvailPageFile size 12M)
current process WorkingSet (physical memory assigned to process): 79M, peak: 307M
current process commit charge ("private bytes"): 276M, peak: 636M

vm_info: OpenJDK 64-Bit Server VM (17.0.8.1+1) for windows-amd64 JRE (17.0.8.1+1), built on Aug 23 2023 15:29:17 by "admin" with MS VC++ 16.7 (VS2019)

END.
